<?xml version="1.0" encoding="UTF-8"?>
<!-- Generated by org.testng.reporters.JUnitXMLReporter -->
<testsuite ignored="0" hostname="DESKTOP-IA7IRBV" failures="0" tests="2" name="Error Validations Test" time="32.527" errors="0" timestamp="2024-08-25T13:58:08 IST">
  <testcase classname="rahulshettyacademy.Test.ErrorValidationsTest" name="LoginErrorValidation" time="1.092"/>
  <testcase classname="rahulshettyacademy.Test.ErrorValidationsTest" name="productErrorValidation" time="14.33"/>
</testsuite> <!-- Error Validations Test -->
