<?xml version="1.0" encoding="UTF-8"?>
<testng-results ignored="0" total="2" passed="2" failed="0" skipped="0">
  <reporter-output>
  </reporter-output>
  <suite started-at="2024-08-25T13:57:35 IST" name="Suite" finished-at="2024-08-25T13:58:07 IST" duration-ms="32527">
    <groups>
      <group name="ErrorHandling">
        <method signature="ErrorValidationsTest.LoginErrorValidation()[pri:0, instance:rahulshettyacademy.Test.ErrorValidationsTest@d2de489]" name="LoginErrorValidation" class="rahulshettyacademy.Test.ErrorValidationsTest"/>
      </group> <!-- ErrorHandling -->
      <group name="Purchase">
        <method signature="SubmitOrderTest.submitOrder(java.util.HashMap)[pri:0, instance:rahulshettyacademy.Test.SubmitOrderTest@5a59ca5e]" name="submitOrder" class="rahulshettyacademy.Test.SubmitOrderTest"/>
      </group> <!-- Purchase -->
    </groups>
    <test started-at="2024-08-25T13:57:35 IST" name="Error Validations Test" finished-at="2024-08-25T13:58:07 IST" duration-ms="32527">
      <class name="rahulshettyacademy.Test.ErrorValidationsTest">
        <test-method is-config="true" signature="launchApplication()[pri:0, instance:rahulshettyacademy.Test.ErrorValidationsTest@d2de489]" started-at="2024-08-25T13:57:35 IST" name="launchApplication" finished-at="2024-08-25T13:57:47 IST" duration-ms="11524" status="PASS">
          <reporter-output>
          </reporter-output>
        </test-method> <!-- launchApplication -->
        <test-method signature="LoginErrorValidation()[pri:0, instance:rahulshettyacademy.Test.ErrorValidationsTest@d2de489]" started-at="2024-08-25T13:57:47 IST" name="LoginErrorValidation" finished-at="2024-08-25T13:57:48 IST" duration-ms="1092" status="PASS">
          <reporter-output>
          </reporter-output>
        </test-method> <!-- LoginErrorValidation -->
        <test-method is-config="true" signature="tearDown()[pri:0, instance:rahulshettyacademy.Test.ErrorValidationsTest@d2de489]" started-at="2024-08-25T13:57:48 IST" name="tearDown" finished-at="2024-08-25T13:57:48 IST" duration-ms="193" status="PASS">
          <reporter-output>
          </reporter-output>
        </test-method> <!-- tearDown -->
        <test-method is-config="true" signature="launchApplication()[pri:0, instance:rahulshettyacademy.Test.ErrorValidationsTest@d2de489]" started-at="2024-08-25T13:57:48 IST" name="launchApplication" finished-at="2024-08-25T13:57:53 IST" duration-ms="4755" status="PASS">
          <reporter-output>
          </reporter-output>
        </test-method> <!-- launchApplication -->
        <test-method signature="productErrorValidation()[pri:0, instance:rahulshettyacademy.Test.ErrorValidationsTest@d2de489]" started-at="2024-08-25T13:57:53 IST" name="productErrorValidation" finished-at="2024-08-25T13:58:07 IST" duration-ms="14330" status="PASS">
          <reporter-output>
          </reporter-output>
        </test-method> <!-- productErrorValidation -->
        <test-method is-config="true" signature="tearDown()[pri:0, instance:rahulshettyacademy.Test.ErrorValidationsTest@d2de489]" started-at="2024-08-25T13:58:07 IST" name="tearDown" finished-at="2024-08-25T13:58:07 IST" duration-ms="498" status="PASS">
          <reporter-output>
          </reporter-output>
        </test-method> <!-- tearDown -->
      </class> <!-- rahulshettyacademy.Test.ErrorValidationsTest -->
    </test> <!-- Error Validations Test -->
  </suite> <!-- Suite -->
</testng-results>
